2021-08-29 22:16:48 [main] INFO  - [nghiem.learning.web.DashboardServerApplication] - Starting DashboardServerApplication using Java 11.0.2 on LAPTOP-CPAQT9ER with PID 1456 (D:\projects\spring_learning\dashboard\dashboard-server\target\classes started by Nghiem in D:\projects\spring_learning\dashboard\dashboard-server)
2021-08-29 22:16:48 [main] INFO  - [nghiem.learning.web.DashboardServerApplication] - No active profile set, falling back to default profiles: default
2021-08-29 22:16:49 [main] INFO  - [org.springframework.data.repository.config.RepositoryConfigurationDelegate] - Bootstrapping Spring Data JPA repositories in DEFAULT mode.
2021-08-29 22:16:49 [main] INFO  - [org.springframework.data.repository.config.RepositoryConfigurationDelegate] - Finished Spring Data repository scanning in 73 ms. Found 1 JPA repository interfaces.
2021-08-29 22:16:50 [main] INFO  - [org.springframework.boot.web.embedded.tomcat.TomcatWebServer] - Tomcat initialized with port(s): 8080 (http)
2021-08-29 22:16:50 [main] INFO  - [org.apache.coyote.http11.Http11NioProtocol] - Initializing ProtocolHandler ["http-nio-8080"]
2021-08-29 22:16:50 [main] INFO  - [org.apache.catalina.core.StandardService] - Starting service [Tomcat]
2021-08-29 22:16:50 [main] INFO  - [org.apache.catalina.core.StandardEngine] - Starting Servlet engine: [Apache Tomcat/9.0.52]
2021-08-29 22:16:50 [main] INFO  - [org.apache.catalina.core.ContainerBase.[Tomcat].[localhost].[/]] - Initializing Spring embedded WebApplicationContext
2021-08-29 22:16:50 [main] INFO  - [org.springframework.boot.web.servlet.context.ServletWebServerApplicationContext] - Root WebApplicationContext: initialization completed in 2129 ms
2021-08-29 22:16:51 [main] INFO  - [org.hibernate.jpa.internal.util.LogHelper] - HHH000204: Processing PersistenceUnitInfo [name: default]
2021-08-29 22:16:51 [main] INFO  - [org.hibernate.Version] - HHH000412: Hibernate ORM core version 5.4.32.Final
2021-08-29 22:16:51 [main] INFO  - [org.hibernate.annotations.common.Version] - HCANN000001: Hibernate Commons Annotations {5.1.2.Final}
2021-08-29 22:16:51 [main] INFO  - [com.zaxxer.hikari.HikariDataSource] - HikariPool-1 - Starting...
2021-08-29 22:16:51 [main] INFO  - [com.zaxxer.hikari.HikariDataSource] - HikariPool-1 - Start completed.
2021-08-29 22:16:51 [main] INFO  - [org.hibernate.dialect.Dialect] - HHH000400: Using dialect: org.hibernate.dialect.MariaDB103Dialect
2021-08-29 22:16:52 [main] INFO  - [org.hibernate.engine.transaction.jta.platform.internal.JtaPlatformInitiator] - HHH000490: Using JtaPlatform implementation: [org.hibernate.engine.transaction.jta.platform.internal.NoJtaPlatform]
2021-08-29 22:16:52 [main] INFO  - [org.springframework.orm.jpa.LocalContainerEntityManagerFactoryBean] - Initialized JPA EntityManagerFactory for persistence unit 'default'
2021-08-29 22:16:53 [main] WARN  - [org.springframework.boot.autoconfigure.orm.jpa.JpaBaseConfiguration$JpaWebConfiguration] - spring.jpa.open-in-view is enabled by default. Therefore, database queries may be performed during view rendering. Explicitly configure spring.jpa.open-in-view to disable this warning
2021-08-29 22:16:53 [main] INFO  - [org.apache.coyote.http11.Http11NioProtocol] - Starting ProtocolHandler ["http-nio-8080"]
2021-08-29 22:16:54 [main] INFO  - [org.springframework.boot.web.embedded.tomcat.TomcatWebServer] - Tomcat started on port(s): 8080 (http) with context path ''
2021-08-29 22:16:54 [main] INFO  - [nghiem.learning.web.DashboardServerApplication] - Started DashboardServerApplication in 6.076 seconds (JVM running for 7.975)
2021-08-29 22:17:16 [http-nio-8080-exec-1] INFO  - [org.apache.catalina.core.ContainerBase.[Tomcat].[localhost].[/]] - Initializing Spring DispatcherServlet 'dispatcherServlet'
2021-08-29 22:17:16 [http-nio-8080-exec-1] INFO  - [org.springframework.web.servlet.DispatcherServlet] - Initializing Servlet 'dispatcherServlet'
2021-08-29 22:17:16 [http-nio-8080-exec-1] INFO  - [org.springframework.web.servlet.DispatcherServlet] - Completed initialization in 1 ms
2021-08-29 22:17:16 [http-nio-8080-exec-1] INFO  - [nghiem.learning.web.service.EmployeeBasicCrudServiceImpl] - Found %s employee from DB
2021-08-29 22:19:40 [RMI TCP Connection(13)-127.0.0.1] INFO  - [org.springframework.boot.admin.SpringApplicationAdminMXBeanRegistrar$SpringApplicationAdmin] - Application shutdown requested.
2021-08-29 22:19:41 [RMI TCP Connection(13)-127.0.0.1] INFO  - [org.springframework.orm.jpa.LocalContainerEntityManagerFactoryBean] - Closing JPA EntityManagerFactory for persistence unit 'default'
2021-08-29 22:19:41 [RMI TCP Connection(13)-127.0.0.1] INFO  - [com.zaxxer.hikari.HikariDataSource] - HikariPool-1 - Shutdown initiated...
2021-08-29 22:19:41 [RMI TCP Connection(13)-127.0.0.1] INFO  - [com.zaxxer.hikari.HikariDataSource] - HikariPool-1 - Shutdown completed.
2021-08-29 22:19:46 INFO [main] - [nghiem.learning.web.DashboardServerApplication] - Starting DashboardServerApplication using Java 11.0.2 on LAPTOP-CPAQT9ER with PID 19556 (D:\projects\spring_learning\dashboard\dashboard-server\target\classes started by Nghiem in D:\projects\spring_learning\dashboard\dashboard-server)
2021-08-29 22:19:46 INFO [main] - [nghiem.learning.web.DashboardServerApplication] - No active profile set, falling back to default profiles: default
2021-08-29 22:19:47 INFO [main] - [org.springframework.data.repository.config.RepositoryConfigurationDelegate] - Bootstrapping Spring Data JPA repositories in DEFAULT mode.
2021-08-29 22:19:47 INFO [main] - [org.springframework.data.repository.config.RepositoryConfigurationDelegate] - Finished Spring Data repository scanning in 75 ms. Found 1 JPA repository interfaces.
2021-08-29 22:19:48 INFO [main] - [org.springframework.boot.web.embedded.tomcat.TomcatWebServer] - Tomcat initialized with port(s): 8080 (http)
2021-08-29 22:19:48 INFO [main] - [org.apache.coyote.http11.Http11NioProtocol] - Initializing ProtocolHandler ["http-nio-8080"]
2021-08-29 22:19:48 INFO [main] - [org.apache.catalina.core.StandardService] - Starting service [Tomcat]
2021-08-29 22:19:48 INFO [main] - [org.apache.catalina.core.StandardEngine] - Starting Servlet engine: [Apache Tomcat/9.0.52]
2021-08-29 22:19:49 INFO [main] - [org.apache.catalina.core.ContainerBase.[Tomcat].[localhost].[/]] - Initializing Spring embedded WebApplicationContext
2021-08-29 22:19:49 INFO [main] - [org.springframework.boot.web.servlet.context.ServletWebServerApplicationContext] - Root WebApplicationContext: initialization completed in 2231 ms
2021-08-29 22:19:49 INFO [main] - [org.hibernate.jpa.internal.util.LogHelper] - HHH000204: Processing PersistenceUnitInfo [name: default]
2021-08-29 22:19:49 INFO [main] - [org.hibernate.Version] - HHH000412: Hibernate ORM core version 5.4.32.Final
2021-08-29 22:19:49 INFO [main] - [org.hibernate.annotations.common.Version] - HCANN000001: Hibernate Commons Annotations {5.1.2.Final}
2021-08-29 22:19:50 INFO [main] - [com.zaxxer.hikari.HikariDataSource] - HikariPool-1 - Starting...
2021-08-29 22:19:50 INFO [main] - [com.zaxxer.hikari.HikariDataSource] - HikariPool-1 - Start completed.
2021-08-29 22:19:50 INFO [main] - [org.hibernate.dialect.Dialect] - HHH000400: Using dialect: org.hibernate.dialect.MariaDB103Dialect
2021-08-29 22:19:51 INFO [main] - [org.hibernate.engine.transaction.jta.platform.internal.JtaPlatformInitiator] - HHH000490: Using JtaPlatform implementation: [org.hibernate.engine.transaction.jta.platform.internal.NoJtaPlatform]
2021-08-29 22:19:51 INFO [main] - [org.springframework.orm.jpa.LocalContainerEntityManagerFactoryBean] - Initialized JPA EntityManagerFactory for persistence unit 'default'
2021-08-29 22:19:51 WARN [main] - [org.springframework.boot.autoconfigure.orm.jpa.JpaBaseConfiguration$JpaWebConfiguration] - spring.jpa.open-in-view is enabled by default. Therefore, database queries may be performed during view rendering. Explicitly configure spring.jpa.open-in-view to disable this warning
2021-08-29 22:19:52 INFO [main] - [org.apache.coyote.http11.Http11NioProtocol] - Starting ProtocolHandler ["http-nio-8080"]
2021-08-29 22:19:52 INFO [main] - [org.springframework.boot.web.embedded.tomcat.TomcatWebServer] - Tomcat started on port(s): 8080 (http) with context path ''
2021-08-29 22:19:52 INFO [main] - [nghiem.learning.web.DashboardServerApplication] - Started DashboardServerApplication in 6.207 seconds (JVM running for 8.04)
2021-08-29 22:20:22 INFO [RMI TCP Connection(8)-127.0.0.1] - [org.springframework.boot.admin.SpringApplicationAdminMXBeanRegistrar$SpringApplicationAdmin] - Application shutdown requested.
2021-08-29 22:20:23 INFO [RMI TCP Connection(8)-127.0.0.1] - [org.springframework.orm.jpa.LocalContainerEntityManagerFactoryBean] - Closing JPA EntityManagerFactory for persistence unit 'default'
2021-08-29 22:20:23 INFO [RMI TCP Connection(8)-127.0.0.1] - [com.zaxxer.hikari.HikariDataSource] - HikariPool-1 - Shutdown initiated...
2021-08-29 22:20:23 INFO [RMI TCP Connection(8)-127.0.0.1] - [com.zaxxer.hikari.HikariDataSource] - HikariPool-1 - Shutdown completed.
2021-08-29 22:20:28 INFO [main] - [nghiem.learning.web.DashboardServerApplication] - Starting DashboardServerApplication using Java 11.0.2 on LAPTOP-CPAQT9ER with PID 17060 (D:\projects\spring_learning\dashboard\dashboard-server\target\classes started by Nghiem in D:\projects\spring_learning\dashboard\dashboard-server)
2021-08-29 22:20:28 INFO [main] - [nghiem.learning.web.DashboardServerApplication] - No active profile set, falling back to default profiles: default
2021-08-29 22:20:29 INFO [main] - [org.springframework.data.repository.config.RepositoryConfigurationDelegate] - Bootstrapping Spring Data JPA repositories in DEFAULT mode.
2021-08-29 22:20:29 INFO [main] - [org.springframework.data.repository.config.RepositoryConfigurationDelegate] - Finished Spring Data repository scanning in 69 ms. Found 1 JPA repository interfaces.
2021-08-29 22:20:30 INFO [main] - [org.springframework.boot.web.embedded.tomcat.TomcatWebServer] - Tomcat initialized with port(s): 8080 (http)
2021-08-29 22:20:30 INFO [main] - [org.apache.coyote.http11.Http11NioProtocol] - Initializing ProtocolHandler ["http-nio-8080"]
2021-08-29 22:20:30 INFO [main] - [org.apache.catalina.core.StandardService] - Starting service [Tomcat]
2021-08-29 22:20:30 INFO [main] - [org.apache.catalina.core.StandardEngine] - Starting Servlet engine: [Apache Tomcat/9.0.52]
2021-08-29 22:20:30 INFO [main] - [org.apache.catalina.core.ContainerBase.[Tomcat].[localhost].[/]] - Initializing Spring embedded WebApplicationContext
2021-08-29 22:20:30 INFO [main] - [org.springframework.boot.web.servlet.context.ServletWebServerApplicationContext] - Root WebApplicationContext: initialization completed in 2355 ms
2021-08-29 22:20:31 INFO [main] - [org.hibernate.jpa.internal.util.LogHelper] - HHH000204: Processing PersistenceUnitInfo [name: default]
2021-08-29 22:20:31 INFO [main] - [org.hibernate.Version] - HHH000412: Hibernate ORM core version 5.4.32.Final
2021-08-29 22:20:31 INFO [main] - [org.hibernate.annotations.common.Version] - HCANN000001: Hibernate Commons Annotations {5.1.2.Final}
2021-08-29 22:20:32 INFO [main] - [com.zaxxer.hikari.HikariDataSource] - HikariPool-1 - Starting...
2021-08-29 22:20:32 INFO [main] - [com.zaxxer.hikari.HikariDataSource] - HikariPool-1 - Start completed.
2021-08-29 22:20:32 INFO [main] - [org.hibernate.dialect.Dialect] - HHH000400: Using dialect: org.hibernate.dialect.MariaDB103Dialect
2021-08-29 22:20:33 INFO [main] - [org.hibernate.engine.transaction.jta.platform.internal.JtaPlatformInitiator] - HHH000490: Using JtaPlatform implementation: [org.hibernate.engine.transaction.jta.platform.internal.NoJtaPlatform]
2021-08-29 22:20:33 INFO [main] - [org.springframework.orm.jpa.LocalContainerEntityManagerFactoryBean] - Initialized JPA EntityManagerFactory for persistence unit 'default'
2021-08-29 22:20:34 WARN [main] - [org.springframework.boot.autoconfigure.orm.jpa.JpaBaseConfiguration$JpaWebConfiguration] - spring.jpa.open-in-view is enabled by default. Therefore, database queries may be performed during view rendering. Explicitly configure spring.jpa.open-in-view to disable this warning
2021-08-29 22:20:34 INFO [main] - [org.apache.coyote.http11.Http11NioProtocol] - Starting ProtocolHandler ["http-nio-8080"]
2021-08-29 22:20:34 INFO [main] - [org.springframework.boot.web.embedded.tomcat.TomcatWebServer] - Tomcat started on port(s): 8080 (http) with context path ''
2021-08-29 22:20:34 INFO [main] - [nghiem.learning.web.DashboardServerApplication] - Started DashboardServerApplication in 7.128 seconds (JVM running for 9.014)
2021-08-29 22:20:37 INFO [http-nio-8080-exec-1] - [org.apache.catalina.core.ContainerBase.[Tomcat].[localhost].[/]] - Initializing Spring DispatcherServlet 'dispatcherServlet'
2021-08-29 22:20:37 INFO [http-nio-8080-exec-1] - [org.springframework.web.servlet.DispatcherServlet] - Initializing Servlet 'dispatcherServlet'
2021-08-29 22:20:37 INFO [http-nio-8080-exec-1] - [org.springframework.web.servlet.DispatcherServlet] - Completed initialization in 2 ms
2021-08-29 22:20:37 INFO [http-nio-8080-exec-1] - [nghiem.learning.web.service.EmployeeBasicCrudServiceImpl] - Found 2 employee from DB
2021-08-29 22:21:54 INFO [RMI TCP Connection(9)-127.0.0.1] - [org.springframework.boot.admin.SpringApplicationAdminMXBeanRegistrar$SpringApplicationAdmin] - Application shutdown requested.
2021-08-29 22:21:55 INFO [RMI TCP Connection(9)-127.0.0.1] - [org.springframework.orm.jpa.LocalContainerEntityManagerFactoryBean] - Closing JPA EntityManagerFactory for persistence unit 'default'
2021-08-29 22:21:55 INFO [RMI TCP Connection(9)-127.0.0.1] - [com.zaxxer.hikari.HikariDataSource] - HikariPool-1 - Shutdown initiated...
2021-08-29 22:21:55 INFO [RMI TCP Connection(9)-127.0.0.1] - [com.zaxxer.hikari.HikariDataSource] - HikariPool-1 - Shutdown completed.
2021-08-29 22:26:13 INFO [main] - [nghiem.learning.web.DashboardServerApplication]: Starting DashboardServerApplication using Java 11.0.2 on LAPTOP-CPAQT9ER with PID 17380 (D:\projects\spring_learning\dashboard\dashboard-server\target\classes started by Nghiem in D:\projects\spring_learning\dashboard\dashboard-server)
2021-08-29 22:26:13 INFO [main] - [nghiem.learning.web.DashboardServerApplication]: No active profile set, falling back to default profiles: default
2021-08-29 22:26:14 INFO [main] - [org.springframework.data.repository.config.RepositoryConfigurationDelegate]: Bootstrapping Spring Data JPA repositories in DEFAULT mode.
2021-08-29 22:26:14 INFO [main] - [org.springframework.data.repository.config.RepositoryConfigurationDelegate]: Finished Spring Data repository scanning in 75 ms. Found 1 JPA repository interfaces.
2021-08-29 22:26:15 INFO [main] - [org.springframework.boot.web.embedded.tomcat.TomcatWebServer]: Tomcat initialized with port(s): 8080 (http)
2021-08-29 22:26:15 INFO [main] - [org.apache.coyote.http11.Http11NioProtocol]: Initializing ProtocolHandler ["http-nio-8080"]
2021-08-29 22:26:15 INFO [main] - [org.apache.catalina.core.StandardService]: Starting service [Tomcat]
2021-08-29 22:26:15 INFO [main] - [org.apache.catalina.core.StandardEngine]: Starting Servlet engine: [Apache Tomcat/9.0.52]
2021-08-29 22:26:15 INFO [main] - [org.apache.catalina.core.ContainerBase.[Tomcat].[localhost].[/]]: Initializing Spring embedded WebApplicationContext
2021-08-29 22:26:15 INFO [main] - [org.springframework.boot.web.servlet.context.ServletWebServerApplicationContext]: Root WebApplicationContext: initialization completed in 2146 ms
2021-08-29 22:26:15 INFO [main] - [org.hibernate.jpa.internal.util.LogHelper]: HHH000204: Processing PersistenceUnitInfo [name: default]
2021-08-29 22:26:16 INFO [main] - [org.hibernate.Version]: HHH000412: Hibernate ORM core version 5.4.32.Final
2021-08-29 22:26:16 INFO [main] - [org.hibernate.annotations.common.Version]: HCANN000001: Hibernate Commons Annotations {5.1.2.Final}
2021-08-29 22:26:16 INFO [main] - [com.zaxxer.hikari.HikariDataSource]: HikariPool-1 - Starting...
2021-08-29 22:26:16 INFO [main] - [com.zaxxer.hikari.HikariDataSource]: HikariPool-1 - Start completed.
2021-08-29 22:26:16 INFO [main] - [org.hibernate.dialect.Dialect]: HHH000400: Using dialect: org.hibernate.dialect.MariaDB103Dialect
2021-08-29 22:26:17 INFO [main] - [org.hibernate.engine.transaction.jta.platform.internal.JtaPlatformInitiator]: HHH000490: Using JtaPlatform implementation: [org.hibernate.engine.transaction.jta.platform.internal.NoJtaPlatform]
2021-08-29 22:26:17 INFO [main] - [org.springframework.orm.jpa.LocalContainerEntityManagerFactoryBean]: Initialized JPA EntityManagerFactory for persistence unit 'default'
2021-08-29 22:26:18 WARN [main] - [org.springframework.boot.autoconfigure.orm.jpa.JpaBaseConfiguration$JpaWebConfiguration]: spring.jpa.open-in-view is enabled by default. Therefore, database queries may be performed during view rendering. Explicitly configure spring.jpa.open-in-view to disable this warning
2021-08-29 22:26:18 INFO [main] - [org.apache.coyote.http11.Http11NioProtocol]: Starting ProtocolHandler ["http-nio-8080"]
2021-08-29 22:26:18 INFO [main] - [org.springframework.boot.web.embedded.tomcat.TomcatWebServer]: Tomcat started on port(s): 8080 (http) with context path ''
2021-08-29 22:26:18 INFO [main] - [nghiem.learning.web.DashboardServerApplication]: Started DashboardServerApplication in 6.138 seconds (JVM running for 8.008)
2021-08-29 22:26:19 INFO [http-nio-8080-exec-1] - [org.apache.catalina.core.ContainerBase.[Tomcat].[localhost].[/]]: Initializing Spring DispatcherServlet 'dispatcherServlet'
2021-08-29 22:26:19 INFO [http-nio-8080-exec-1] - [org.springframework.web.servlet.DispatcherServlet]: Initializing Servlet 'dispatcherServlet'
2021-08-29 22:26:19 INFO [http-nio-8080-exec-1] - [org.springframework.web.servlet.DispatcherServlet]: Completed initialization in 2 ms
2021-08-29 22:26:20 INFO [http-nio-8080-exec-1] - [nghiem.learning.web.service.EmployeeBasicCrudServiceImpl]: Found 2 employee from DB
2021-08-29 22:29:36 INFO [main] - [org.springframework.boot.test.context.SpringBootTestContextBootstrapper]: Neither @ContextConfiguration nor @ContextHierarchy found for test class [nghiem.learning.web.controller.EmployeeControllerTest], using SpringBootContextLoader
2021-08-29 22:29:36 INFO [main] - [org.springframework.test.context.support.AbstractContextLoader]: Could not detect default resource locations for test class [nghiem.learning.web.controller.EmployeeControllerTest]: no resource found for suffixes {-context.xml, Context.groovy}.
2021-08-29 22:29:36 INFO [main] - [org.springframework.test.context.support.AnnotationConfigContextLoaderUtils]: Could not detect default configuration classes for test class [nghiem.learning.web.controller.EmployeeControllerTest]: EmployeeControllerTest does not declare any static, non-private, non-final, nested classes annotated with @Configuration.
2021-08-29 22:29:36 INFO [main] - [org.springframework.boot.test.context.SpringBootTestContextBootstrapper]: Found @SpringBootConfiguration nghiem.learning.web.DashboardServerApplication for test class nghiem.learning.web.controller.EmployeeControllerTest
2021-08-29 22:29:36 INFO [main] - [org.springframework.boot.test.context.SpringBootTestContextBootstrapper]: Loaded default TestExecutionListener class names from location [META-INF/spring.factories]: [org.springframework.boot.test.mock.mockito.MockitoTestExecutionListener, org.springframework.boot.test.mock.mockito.ResetMocksTestExecutionListener, org.springframework.boot.test.autoconfigure.restdocs.RestDocsTestExecutionListener, org.springframework.boot.test.autoconfigure.web.client.MockRestServiceServerResetTestExecutionListener, org.springframework.boot.test.autoconfigure.web.servlet.MockMvcPrintOnlyOnFailureTestExecutionListener, org.springframework.boot.test.autoconfigure.web.servlet.WebDriverTestExecutionListener, org.springframework.boot.test.autoconfigure.webservices.client.MockWebServiceServerTestExecutionListener, org.springframework.test.context.web.ServletTestExecutionListener, org.springframework.test.context.support.DirtiesContextBeforeModesTestExecutionListener, org.springframework.test.context.event.ApplicationEventsTestExecutionListener, org.springframework.test.context.support.DependencyInjectionTestExecutionListener, org.springframework.test.context.support.DirtiesContextTestExecutionListener, org.springframework.test.context.transaction.TransactionalTestExecutionListener, org.springframework.test.context.jdbc.SqlScriptsTestExecutionListener, org.springframework.test.context.event.EventPublishingTestExecutionListener]
2021-08-29 22:29:36 INFO [main] - [org.springframework.boot.test.context.SpringBootTestContextBootstrapper]: Using TestExecutionListeners: [org.springframework.test.context.web.ServletTestExecutionListener@6b410923, org.springframework.test.context.support.DirtiesContextBeforeModesTestExecutionListener@57bd2029, org.springframework.test.context.event.ApplicationEventsTestExecutionListener@203dd56b, org.springframework.boot.test.mock.mockito.MockitoTestExecutionListener@e8fadb0, org.springframework.boot.test.autoconfigure.SpringBootDependencyInjectionTestExecutionListener@6d64b553, org.springframework.test.context.support.DirtiesContextTestExecutionListener@53667cbe, org.springframework.test.context.transaction.TransactionalTestExecutionListener@1d3e6d34, org.springframework.test.context.jdbc.SqlScriptsTestExecutionListener@6eafb10e, org.springframework.test.context.event.EventPublishingTestExecutionListener@26a94fa5, org.springframework.boot.test.mock.mockito.ResetMocksTestExecutionListener@464a4442, org.springframework.boot.test.autoconfigure.restdocs.RestDocsTestExecutionListener@2873d672, org.springframework.boot.test.autoconfigure.web.client.MockRestServiceServerResetTestExecutionListener@3bc735b3, org.springframework.boot.test.autoconfigure.web.servlet.MockMvcPrintOnlyOnFailureTestExecutionListener@577f9109, org.springframework.boot.test.autoconfigure.web.servlet.WebDriverTestExecutionListener@4303b7f0, org.springframework.boot.test.autoconfigure.webservices.client.MockWebServiceServerTestExecutionListener@757529a4]
2021-08-29 22:29:36 INFO [main] - [nghiem.learning.web.controller.EmployeeControllerTest]: Starting EmployeeControllerTest using Java 11.0.2 on LAPTOP-CPAQT9ER with PID 18228 (started by Nghiem in D:\projects\spring_learning\dashboard\dashboard-server)
2021-08-29 22:29:36 INFO [main] - [nghiem.learning.web.controller.EmployeeControllerTest]: No active profile set, falling back to default profiles: default
2021-08-29 22:29:37 INFO [main] - [org.springframework.data.repository.config.RepositoryConfigurationDelegate]: Bootstrapping Spring Data JPA repositories in DEFAULT mode.
2021-08-29 22:29:37 INFO [main] - [org.springframework.data.repository.config.RepositoryConfigurationDelegate]: Finished Spring Data repository scanning in 73 ms. Found 1 JPA repository interfaces.
2021-08-29 22:29:39 INFO [main] - [org.springframework.boot.web.embedded.tomcat.TomcatWebServer]: Tomcat initialized with port(s): 0 (http)
2021-08-29 22:29:39 INFO [main] - [org.apache.coyote.http11.Http11NioProtocol]: Initializing ProtocolHandler ["http-nio-auto-1"]
2021-08-29 22:29:39 INFO [main] - [org.apache.catalina.core.StandardService]: Starting service [Tomcat]
2021-08-29 22:29:39 INFO [main] - [org.apache.catalina.core.StandardEngine]: Starting Servlet engine: [Apache Tomcat/9.0.52]
2021-08-29 22:29:39 INFO [main] - [org.apache.catalina.core.ContainerBase.[Tomcat].[localhost].[/]]: Initializing Spring embedded WebApplicationContext
2021-08-29 22:29:39 INFO [main] - [org.springframework.boot.web.servlet.context.ServletWebServerApplicationContext]: Root WebApplicationContext: initialization completed in 2930 ms
2021-08-29 22:29:40 INFO [main] - [org.hibernate.jpa.internal.util.LogHelper]: HHH000204: Processing PersistenceUnitInfo [name: default]
2021-08-29 22:29:40 INFO [main] - [org.hibernate.Version]: HHH000412: Hibernate ORM core version 5.4.32.Final
2021-08-29 22:29:40 INFO [main] - [org.hibernate.annotations.common.Version]: HCANN000001: Hibernate Commons Annotations {5.1.2.Final}
2021-08-29 22:29:40 INFO [main] - [com.zaxxer.hikari.HikariDataSource]: HikariPool-1 - Starting...
2021-08-29 22:29:40 INFO [main] - [com.zaxxer.hikari.HikariDataSource]: HikariPool-1 - Start completed.
2021-08-29 22:29:40 INFO [main] - [org.hibernate.dialect.Dialect]: HHH000400: Using dialect: org.hibernate.dialect.MariaDB103Dialect
2021-08-29 22:29:41 INFO [main] - [org.hibernate.engine.transaction.jta.platform.internal.JtaPlatformInitiator]: HHH000490: Using JtaPlatform implementation: [org.hibernate.engine.transaction.jta.platform.internal.NoJtaPlatform]
2021-08-29 22:29:41 INFO [main] - [org.springframework.orm.jpa.LocalContainerEntityManagerFactoryBean]: Initialized JPA EntityManagerFactory for persistence unit 'default'
2021-08-29 22:29:41 WARN [main] - [org.springframework.boot.autoconfigure.orm.jpa.JpaBaseConfiguration$JpaWebConfiguration]: spring.jpa.open-in-view is enabled by default. Therefore, database queries may be performed during view rendering. Explicitly configure spring.jpa.open-in-view to disable this warning
2021-08-29 22:29:42 INFO [main] - [org.apache.coyote.http11.Http11NioProtocol]: Starting ProtocolHandler ["http-nio-auto-1"]
2021-08-29 22:29:42 INFO [main] - [org.springframework.boot.web.embedded.tomcat.TomcatWebServer]: Tomcat started on port(s): 54811 (http) with context path ''
2021-08-29 22:29:42 INFO [main] - [nghiem.learning.web.controller.EmployeeControllerTest]: Started EmployeeControllerTest in 6.239 seconds (JVM running for 7.977)
2021-08-29 22:29:43 INFO [http-nio-auto-1-exec-1] - [org.apache.catalina.core.ContainerBase.[Tomcat].[localhost].[/]]: Initializing Spring DispatcherServlet 'dispatcherServlet'
2021-08-29 22:29:43 INFO [http-nio-auto-1-exec-1] - [org.springframework.web.servlet.DispatcherServlet]: Initializing Servlet 'dispatcherServlet'
2021-08-29 22:29:43 INFO [http-nio-auto-1-exec-1] - [org.springframework.web.servlet.DispatcherServlet]: Completed initialization in 0 ms
2021-08-29 22:29:43 INFO [main] - [org.springframework.boot.test.context.SpringBootTestContextBootstrapper]: Neither @ContextConfiguration nor @ContextHierarchy found for test class [nghiem.learning.web.DashboardServerApplicationTests], using SpringBootContextLoader
2021-08-29 22:29:43 INFO [main] - [org.springframework.test.context.support.AbstractContextLoader]: Could not detect default resource locations for test class [nghiem.learning.web.DashboardServerApplicationTests]: no resource found for suffixes {-context.xml, Context.groovy}.
2021-08-29 22:29:43 INFO [main] - [org.springframework.test.context.support.AnnotationConfigContextLoaderUtils]: Could not detect default configuration classes for test class [nghiem.learning.web.DashboardServerApplicationTests]: DashboardServerApplicationTests does not declare any static, non-private, non-final, nested classes annotated with @Configuration.
2021-08-29 22:29:43 INFO [main] - [org.springframework.boot.test.context.SpringBootTestContextBootstrapper]: Found @SpringBootConfiguration nghiem.learning.web.DashboardServerApplication for test class nghiem.learning.web.DashboardServerApplicationTests
2021-08-29 22:29:43 INFO [main] - [org.springframework.boot.test.context.SpringBootTestContextBootstrapper]: Loaded default TestExecutionListener class names from location [META-INF/spring.factories]: [org.springframework.boot.test.mock.mockito.MockitoTestExecutionListener, org.springframework.boot.test.mock.mockito.ResetMocksTestExecutionListener, org.springframework.boot.test.autoconfigure.restdocs.RestDocsTestExecutionListener, org.springframework.boot.test.autoconfigure.web.client.MockRestServiceServerResetTestExecutionListener, org.springframework.boot.test.autoconfigure.web.servlet.MockMvcPrintOnlyOnFailureTestExecutionListener, org.springframework.boot.test.autoconfigure.web.servlet.WebDriverTestExecutionListener, org.springframework.boot.test.autoconfigure.webservices.client.MockWebServiceServerTestExecutionListener, org.springframework.test.context.web.ServletTestExecutionListener, org.springframework.test.context.support.DirtiesContextBeforeModesTestExecutionListener, org.springframework.test.context.event.ApplicationEventsTestExecutionListener, org.springframework.test.context.support.DependencyInjectionTestExecutionListener, org.springframework.test.context.support.DirtiesContextTestExecutionListener, org.springframework.test.context.transaction.TransactionalTestExecutionListener, org.springframework.test.context.jdbc.SqlScriptsTestExecutionListener, org.springframework.test.context.event.EventPublishingTestExecutionListener]
2021-08-29 22:29:43 INFO [main] - [org.springframework.boot.test.context.SpringBootTestContextBootstrapper]: Using TestExecutionListeners: [org.springframework.test.context.web.ServletTestExecutionListener@77d42ed7, org.springframework.test.context.support.DirtiesContextBeforeModesTestExecutionListener@54da736e, org.springframework.test.context.event.ApplicationEventsTestExecutionListener@2d398cfb, org.springframework.boot.test.mock.mockito.MockitoTestExecutionListener@23307c6c, org.springframework.boot.test.autoconfigure.SpringBootDependencyInjectionTestExecutionListener@75c45c4b, org.springframework.test.context.support.DirtiesContextTestExecutionListener@7202009e, org.springframework.test.context.transaction.TransactionalTestExecutionListener@133d0471, org.springframework.test.context.jdbc.SqlScriptsTestExecutionListener@33cec966, org.springframework.test.context.event.EventPublishingTestExecutionListener@643fed50, org.springframework.boot.test.mock.mockito.ResetMocksTestExecutionListener@65b07b9, org.springframework.boot.test.autoconfigure.restdocs.RestDocsTestExecutionListener@7dbe858f, org.springframework.boot.test.autoconfigure.web.client.MockRestServiceServerResetTestExecutionListener@387ef6a7, org.springframework.boot.test.autoconfigure.web.servlet.MockMvcPrintOnlyOnFailureTestExecutionListener@2330c995, org.springframework.boot.test.autoconfigure.web.servlet.WebDriverTestExecutionListener@7d086485, org.springframework.boot.test.autoconfigure.webservices.client.MockWebServiceServerTestExecutionListener@74130456]
2021-08-29 22:29:43 INFO [main] - [nghiem.learning.web.DashboardServerApplicationTests]: Starting DashboardServerApplicationTests using Java 11.0.2 on LAPTOP-CPAQT9ER with PID 18228 (started by Nghiem in D:\projects\spring_learning\dashboard\dashboard-server)
2021-08-29 22:29:43 INFO [main] - [nghiem.learning.web.DashboardServerApplicationTests]: No active profile set, falling back to default profiles: default
2021-08-29 22:29:43 INFO [main] - [org.springframework.data.repository.config.RepositoryConfigurationDelegate]: Bootstrapping Spring Data JPA repositories in DEFAULT mode.
2021-08-29 22:29:43 INFO [main] - [org.springframework.data.repository.config.RepositoryConfigurationDelegate]: Finished Spring Data repository scanning in 15 ms. Found 1 JPA repository interfaces.
2021-08-29 22:29:43 INFO [main] - [org.hibernate.jpa.internal.util.LogHelper]: HHH000204: Processing PersistenceUnitInfo [name: default]
2021-08-29 22:29:43 INFO [main] - [com.zaxxer.hikari.HikariDataSource]: HikariPool-2 - Starting...
2021-08-29 22:29:43 INFO [main] - [com.zaxxer.hikari.HikariDataSource]: HikariPool-2 - Start completed.
2021-08-29 22:29:43 INFO [main] - [org.hibernate.dialect.Dialect]: HHH000400: Using dialect: org.hibernate.dialect.MariaDB103Dialect
2021-08-29 22:29:43 INFO [main] - [org.hibernate.engine.transaction.jta.platform.internal.JtaPlatformInitiator]: HHH000490: Using JtaPlatform implementation: [org.hibernate.engine.transaction.jta.platform.internal.NoJtaPlatform]
2021-08-29 22:29:43 INFO [main] - [org.springframework.orm.jpa.LocalContainerEntityManagerFactoryBean]: Initialized JPA EntityManagerFactory for persistence unit 'default'
2021-08-29 22:29:44 WARN [main] - [org.springframework.boot.autoconfigure.orm.jpa.JpaBaseConfiguration$JpaWebConfiguration]: spring.jpa.open-in-view is enabled by default. Therefore, database queries may be performed during view rendering. Explicitly configure spring.jpa.open-in-view to disable this warning
2021-08-29 22:29:44 INFO [main] - [nghiem.learning.web.DashboardServerApplicationTests]: Started DashboardServerApplicationTests in 1.118 seconds (JVM running for 9.686)
2021-08-29 22:29:44 INFO [main] - [org.springframework.boot.test.context.SpringBootTestContextBootstrapper]: Neither @ContextConfiguration nor @ContextHierarchy found for test class [nghiem.learning.web.service.EmployeeBasicCrudServiceTest], using SpringBootContextLoader
2021-08-29 22:29:44 INFO [main] - [org.springframework.test.context.support.AbstractContextLoader]: Could not detect default resource locations for test class [nghiem.learning.web.service.EmployeeBasicCrudServiceTest]: no resource found for suffixes {-context.xml, Context.groovy}.
2021-08-29 22:29:44 INFO [main] - [org.springframework.test.context.support.AnnotationConfigContextLoaderUtils]: Could not detect default configuration classes for test class [nghiem.learning.web.service.EmployeeBasicCrudServiceTest]: EmployeeBasicCrudServiceTest does not declare any static, non-private, non-final, nested classes annotated with @Configuration.
2021-08-29 22:29:44 INFO [main] - [org.springframework.boot.test.context.SpringBootTestContextBootstrapper]: Found @SpringBootConfiguration nghiem.learning.web.DashboardServerApplication for test class nghiem.learning.web.service.EmployeeBasicCrudServiceTest
2021-08-29 22:29:44 INFO [main] - [org.springframework.boot.test.context.SpringBootTestContextBootstrapper]: Loaded default TestExecutionListener class names from location [META-INF/spring.factories]: [org.springframework.boot.test.mock.mockito.MockitoTestExecutionListener, org.springframework.boot.test.mock.mockito.ResetMocksTestExecutionListener, org.springframework.boot.test.autoconfigure.restdocs.RestDocsTestExecutionListener, org.springframework.boot.test.autoconfigure.web.client.MockRestServiceServerResetTestExecutionListener, org.springframework.boot.test.autoconfigure.web.servlet.MockMvcPrintOnlyOnFailureTestExecutionListener, org.springframework.boot.test.autoconfigure.web.servlet.WebDriverTestExecutionListener, org.springframework.boot.test.autoconfigure.webservices.client.MockWebServiceServerTestExecutionListener, org.springframework.test.context.web.ServletTestExecutionListener, org.springframework.test.context.support.DirtiesContextBeforeModesTestExecutionListener, org.springframework.test.context.event.ApplicationEventsTestExecutionListener, org.springframework.test.context.support.DependencyInjectionTestExecutionListener, org.springframework.test.context.support.DirtiesContextTestExecutionListener, org.springframework.test.context.transaction.TransactionalTestExecutionListener, org.springframework.test.context.jdbc.SqlScriptsTestExecutionListener, org.springframework.test.context.event.EventPublishingTestExecutionListener]
2021-08-29 22:29:44 INFO [main] - [org.springframework.boot.test.context.SpringBootTestContextBootstrapper]: Using TestExecutionListeners: [org.springframework.test.context.web.ServletTestExecutionListener@7bb4f09d, org.springframework.test.context.support.DirtiesContextBeforeModesTestExecutionListener@ee7a538, org.springframework.test.context.event.ApplicationEventsTestExecutionListener@7c045627, org.springframework.boot.test.mock.mockito.MockitoTestExecutionListener@d79a69b, org.springframework.boot.test.autoconfigure.SpringBootDependencyInjectionTestExecutionListener@51158fb1, org.springframework.test.context.support.DirtiesContextTestExecutionListener@62682ece, org.springframework.test.context.transaction.TransactionalTestExecutionListener@3c83e9ca, org.springframework.test.context.jdbc.SqlScriptsTestExecutionListener@7c0ecdbf, org.springframework.test.context.event.EventPublishingTestExecutionListener@19bad88, org.springframework.boot.test.mock.mockito.ResetMocksTestExecutionListener@2226fd2b, org.springframework.boot.test.autoconfigure.restdocs.RestDocsTestExecutionListener@1488d1c, org.springframework.boot.test.autoconfigure.web.client.MockRestServiceServerResetTestExecutionListener@b21cbbf, org.springframework.boot.test.autoconfigure.web.servlet.MockMvcPrintOnlyOnFailureTestExecutionListener@578ac0be, org.springframework.boot.test.autoconfigure.web.servlet.WebDriverTestExecutionListener@4250b0c1, org.springframework.boot.test.autoconfigure.webservices.client.MockWebServiceServerTestExecutionListener@7b5e5fa]
2021-08-29 22:29:44 INFO [main] - [nghiem.learning.web.service.EmployeeBasicCrudServiceImpl]: Found 0 employee from DB
2021-08-29 22:29:44 INFO [main] - [nghiem.learning.web.service.EmployeeBasicCrudServiceImpl]: Found 2 employee from DB
2021-08-29 22:29:45 INFO [SpringApplicationShutdownHook] - [org.springframework.orm.jpa.LocalContainerEntityManagerFactoryBean]: Closing JPA EntityManagerFactory for persistence unit 'default'
2021-08-29 22:29:45 INFO [SpringApplicationShutdownHook] - [com.zaxxer.hikari.HikariDataSource]: HikariPool-1 - Shutdown initiated...
2021-08-29 22:29:45 INFO [SpringApplicationShutdownHook] - [com.zaxxer.hikari.HikariDataSource]: HikariPool-1 - Shutdown completed.
2021-08-29 22:29:45 INFO [SpringApplicationShutdownHook] - [org.springframework.orm.jpa.LocalContainerEntityManagerFactoryBean]: Closing JPA EntityManagerFactory for persistence unit 'default'
2021-08-29 22:29:45 INFO [SpringApplicationShutdownHook] - [com.zaxxer.hikari.HikariDataSource]: HikariPool-2 - Shutdown initiated...
2021-08-29 22:29:45 INFO [SpringApplicationShutdownHook] - [com.zaxxer.hikari.HikariDataSource]: HikariPool-2 - Shutdown completed.
2021-08-29 22:32:43 INFO [RMI TCP Connection(15)-127.0.0.1] - [org.springframework.boot.admin.SpringApplicationAdminMXBeanRegistrar$SpringApplicationAdmin]: Application shutdown requested.
2021-08-29 22:32:43 INFO [RMI TCP Connection(15)-127.0.0.1] - [org.springframework.orm.jpa.LocalContainerEntityManagerFactoryBean]: Closing JPA EntityManagerFactory for persistence unit 'default'
2021-08-29 22:32:43 INFO [RMI TCP Connection(15)-127.0.0.1] - [com.zaxxer.hikari.HikariDataSource]: HikariPool-1 - Shutdown initiated...
2021-08-29 22:32:43 INFO [RMI TCP Connection(15)-127.0.0.1] - [com.zaxxer.hikari.HikariDataSource]: HikariPool-1 - Shutdown completed.
2021-08-29 22:33:06 INFO [main] - [org.springframework.boot.test.context.SpringBootTestContextBootstrapper]: Neither @ContextConfiguration nor @ContextHierarchy found for test class [nghiem.learning.web.controller.EmployeeControllerTest], using SpringBootContextLoader
2021-08-29 22:33:06 INFO [main] - [org.springframework.test.context.support.AbstractContextLoader]: Could not detect default resource locations for test class [nghiem.learning.web.controller.EmployeeControllerTest]: no resource found for suffixes {-context.xml, Context.groovy}.
2021-08-29 22:33:06 INFO [main] - [org.springframework.test.context.support.AnnotationConfigContextLoaderUtils]: Could not detect default configuration classes for test class [nghiem.learning.web.controller.EmployeeControllerTest]: EmployeeControllerTest does not declare any static, non-private, non-final, nested classes annotated with @Configuration.
2021-08-29 22:33:06 INFO [main] - [org.springframework.boot.test.context.SpringBootTestContextBootstrapper]: Found @SpringBootConfiguration nghiem.learning.web.DashboardServerApplication for test class nghiem.learning.web.controller.EmployeeControllerTest
2021-08-29 22:33:06 INFO [main] - [org.springframework.boot.test.context.SpringBootTestContextBootstrapper]: Loaded default TestExecutionListener class names from location [META-INF/spring.factories]: [org.springframework.boot.test.mock.mockito.MockitoTestExecutionListener, org.springframework.boot.test.mock.mockito.ResetMocksTestExecutionListener, org.springframework.boot.test.autoconfigure.restdocs.RestDocsTestExecutionListener, org.springframework.boot.test.autoconfigure.web.client.MockRestServiceServerResetTestExecutionListener, org.springframework.boot.test.autoconfigure.web.servlet.MockMvcPrintOnlyOnFailureTestExecutionListener, org.springframework.boot.test.autoconfigure.web.servlet.WebDriverTestExecutionListener, org.springframework.boot.test.autoconfigure.webservices.client.MockWebServiceServerTestExecutionListener, org.springframework.test.context.web.ServletTestExecutionListener, org.springframework.test.context.support.DirtiesContextBeforeModesTestExecutionListener, org.springframework.test.context.event.ApplicationEventsTestExecutionListener, org.springframework.test.context.support.DependencyInjectionTestExecutionListener, org.springframework.test.context.support.DirtiesContextTestExecutionListener, org.springframework.test.context.transaction.TransactionalTestExecutionListener, org.springframework.test.context.jdbc.SqlScriptsTestExecutionListener, org.springframework.test.context.event.EventPublishingTestExecutionListener]
2021-08-29 22:33:06 INFO [main] - [org.springframework.boot.test.context.SpringBootTestContextBootstrapper]: Using TestExecutionListeners: [org.springframework.test.context.web.ServletTestExecutionListener@60f2e0bd, org.springframework.test.context.support.DirtiesContextBeforeModesTestExecutionListener@469d003c, org.springframework.test.context.event.ApplicationEventsTestExecutionListener@6b410923, org.springframework.boot.test.mock.mockito.MockitoTestExecutionListener@57bd2029, org.springframework.boot.test.autoconfigure.SpringBootDependencyInjectionTestExecutionListener@203dd56b, org.springframework.test.context.support.DirtiesContextTestExecutionListener@e8fadb0, org.springframework.test.context.transaction.TransactionalTestExecutionListener@6d64b553, org.springframework.test.context.jdbc.SqlScriptsTestExecutionListener@53667cbe, org.springframework.test.context.event.EventPublishingTestExecutionListener@1d3e6d34, org.springframework.boot.test.mock.mockito.ResetMocksTestExecutionListener@6eafb10e, org.springframework.boot.test.autoconfigure.restdocs.RestDocsTestExecutionListener@26a94fa5, org.springframework.boot.test.autoconfigure.web.client.MockRestServiceServerResetTestExecutionListener@464a4442, org.springframework.boot.test.autoconfigure.web.servlet.MockMvcPrintOnlyOnFailureTestExecutionListener@2873d672, org.springframework.boot.test.autoconfigure.web.servlet.WebDriverTestExecutionListener@3bc735b3, org.springframework.boot.test.autoconfigure.webservices.client.MockWebServiceServerTestExecutionListener@577f9109]
2021-08-29 22:33:07 INFO [main] - [nghiem.learning.web.controller.EmployeeControllerTest]: Starting EmployeeControllerTest using Java 11.0.2 on LAPTOP-CPAQT9ER with PID 10848 (started by Nghiem in D:\projects\spring_learning\dashboard\dashboard-server)
2021-08-29 22:33:07 INFO [main] - [nghiem.learning.web.controller.EmployeeControllerTest]: No active profile set, falling back to default profiles: default
2021-08-29 22:33:07 INFO [main] - [org.springframework.data.repository.config.RepositoryConfigurationDelegate]: Bootstrapping Spring Data JPA repositories in DEFAULT mode.
2021-08-29 22:33:07 INFO [main] - [org.springframework.data.repository.config.RepositoryConfigurationDelegate]: Finished Spring Data repository scanning in 62 ms. Found 1 JPA repository interfaces.
2021-08-29 22:33:09 INFO [main] - [org.springframework.boot.web.embedded.tomcat.TomcatWebServer]: Tomcat initialized with port(s): 0 (http)
2021-08-29 22:33:09 INFO [main] - [org.apache.coyote.http11.Http11NioProtocol]: Initializing ProtocolHandler ["http-nio-auto-1"]
2021-08-29 22:33:09 INFO [main] - [org.apache.catalina.core.StandardService]: Starting service [Tomcat]
2021-08-29 22:33:09 INFO [main] - [org.apache.catalina.core.StandardEngine]: Starting Servlet engine: [Apache Tomcat/9.0.52]
2021-08-29 22:33:09 INFO [main] - [org.apache.catalina.core.ContainerBase.[Tomcat].[localhost].[/]]: Initializing Spring embedded WebApplicationContext
2021-08-29 22:33:09 INFO [main] - [org.springframework.boot.web.servlet.context.ServletWebServerApplicationContext]: Root WebApplicationContext: initialization completed in 2783 ms
2021-08-29 22:33:10 INFO [main] - [org.hibernate.jpa.internal.util.LogHelper]: HHH000204: Processing PersistenceUnitInfo [name: default]
2021-08-29 22:33:10 INFO [main] - [org.hibernate.Version]: HHH000412: Hibernate ORM core version 5.4.32.Final
2021-08-29 22:33:10 INFO [main] - [org.hibernate.annotations.common.Version]: HCANN000001: Hibernate Commons Annotations {5.1.2.Final}
2021-08-29 22:33:10 INFO [main] - [com.zaxxer.hikari.HikariDataSource]: HikariPool-1 - Starting...
2021-08-29 22:33:10 INFO [main] - [com.zaxxer.hikari.HikariDataSource]: HikariPool-1 - Start completed.
2021-08-29 22:33:10 INFO [main] - [org.hibernate.dialect.Dialect]: HHH000400: Using dialect: org.hibernate.dialect.MariaDB103Dialect
2021-08-29 22:33:11 INFO [main] - [org.hibernate.engine.transaction.jta.platform.internal.JtaPlatformInitiator]: HHH000490: Using JtaPlatform implementation: [org.hibernate.engine.transaction.jta.platform.internal.NoJtaPlatform]
2021-08-29 22:33:11 INFO [main] - [org.springframework.orm.jpa.LocalContainerEntityManagerFactoryBean]: Initialized JPA EntityManagerFactory for persistence unit 'default'
2021-08-29 22:33:11 WARN [main] - [org.springframework.boot.autoconfigure.orm.jpa.JpaBaseConfiguration$JpaWebConfiguration]: spring.jpa.open-in-view is enabled by default. Therefore, database queries may be performed during view rendering. Explicitly configure spring.jpa.open-in-view to disable this warning
2021-08-29 22:33:12 INFO [main] - [org.apache.coyote.http11.Http11NioProtocol]: Starting ProtocolHandler ["http-nio-auto-1"]
2021-08-29 22:33:12 INFO [main] - [org.springframework.boot.web.embedded.tomcat.TomcatWebServer]: Tomcat started on port(s): 54947 (http) with context path ''
2021-08-29 22:33:12 INFO [main] - [nghiem.learning.web.controller.EmployeeControllerTest]: Started EmployeeControllerTest in 6.066 seconds (JVM running for 7.771)
2021-08-29 22:33:12 INFO [http-nio-auto-1-exec-1] - [org.apache.catalina.core.ContainerBase.[Tomcat].[localhost].[/]]: Initializing Spring DispatcherServlet 'dispatcherServlet'
2021-08-29 22:33:12 INFO [http-nio-auto-1-exec-1] - [org.springframework.web.servlet.DispatcherServlet]: Initializing Servlet 'dispatcherServlet'
2021-08-29 22:33:12 INFO [http-nio-auto-1-exec-1] - [org.springframework.web.servlet.DispatcherServlet]: Completed initialization in 1 ms
2021-08-29 22:33:13 INFO [main] - [org.springframework.boot.test.context.SpringBootTestContextBootstrapper]: Neither @ContextConfiguration nor @ContextHierarchy found for test class [nghiem.learning.web.DashboardServerApplicationTests], using SpringBootContextLoader
2021-08-29 22:33:13 INFO [main] - [org.springframework.test.context.support.AbstractContextLoader]: Could not detect default resource locations for test class [nghiem.learning.web.DashboardServerApplicationTests]: no resource found for suffixes {-context.xml, Context.groovy}.
2021-08-29 22:33:13 INFO [main] - [org.springframework.test.context.support.AnnotationConfigContextLoaderUtils]: Could not detect default configuration classes for test class [nghiem.learning.web.DashboardServerApplicationTests]: DashboardServerApplicationTests does not declare any static, non-private, non-final, nested classes annotated with @Configuration.
2021-08-29 22:33:13 INFO [main] - [org.springframework.boot.test.context.SpringBootTestContextBootstrapper]: Found @SpringBootConfiguration nghiem.learning.web.DashboardServerApplication for test class nghiem.learning.web.DashboardServerApplicationTests
2021-08-29 22:33:13 INFO [main] - [org.springframework.boot.test.context.SpringBootTestContextBootstrapper]: Loaded default TestExecutionListener class names from location [META-INF/spring.factories]: [org.springframework.boot.test.mock.mockito.MockitoTestExecutionListener, org.springframework.boot.test.mock.mockito.ResetMocksTestExecutionListener, org.springframework.boot.test.autoconfigure.restdocs.RestDocsTestExecutionListener, org.springframework.boot.test.autoconfigure.web.client.MockRestServiceServerResetTestExecutionListener, org.springframework.boot.test.autoconfigure.web.servlet.MockMvcPrintOnlyOnFailureTestExecutionListener, org.springframework.boot.test.autoconfigure.web.servlet.WebDriverTestExecutionListener, org.springframework.boot.test.autoconfigure.webservices.client.MockWebServiceServerTestExecutionListener, org.springframework.test.context.web.ServletTestExecutionListener, org.springframework.test.context.support.DirtiesContextBeforeModesTestExecutionListener, org.springframework.test.context.event.ApplicationEventsTestExecutionListener, org.springframework.test.context.support.DependencyInjectionTestExecutionListener, org.springframework.test.context.support.DirtiesContextTestExecutionListener, org.springframework.test.context.transaction.TransactionalTestExecutionListener, org.springframework.test.context.jdbc.SqlScriptsTestExecutionListener, org.springframework.test.context.event.EventPublishingTestExecutionListener]
2021-08-29 22:33:13 INFO [main] - [org.springframework.boot.test.context.SpringBootTestContextBootstrapper]: Using TestExecutionListeners: [org.springframework.test.context.web.ServletTestExecutionListener@75c45c4b, org.springframework.test.context.support.DirtiesContextBeforeModesTestExecutionListener@7202009e, org.springframework.test.context.event.ApplicationEventsTestExecutionListener@133d0471, org.springframework.boot.test.mock.mockito.MockitoTestExecutionListener@33cec966, org.springframework.boot.test.autoconfigure.SpringBootDependencyInjectionTestExecutionListener@643fed50, org.springframework.test.context.support.DirtiesContextTestExecutionListener@65b07b9, org.springframework.test.context.transaction.TransactionalTestExecutionListener@7dbe858f, org.springframework.test.context.jdbc.SqlScriptsTestExecutionListener@387ef6a7, org.springframework.test.context.event.EventPublishingTestExecutionListener@2330c995, org.springframework.boot.test.mock.mockito.ResetMocksTestExecutionListener@7d086485, org.springframework.boot.test.autoconfigure.restdocs.RestDocsTestExecutionListener@74130456, org.springframework.boot.test.autoconfigure.web.client.MockRestServiceServerResetTestExecutionListener@3b171fbd, org.springframework.boot.test.autoconfigure.web.servlet.MockMvcPrintOnlyOnFailureTestExecutionListener@1ece052b, org.springframework.boot.test.autoconfigure.web.servlet.WebDriverTestExecutionListener@20dc763b, org.springframework.boot.test.autoconfigure.webservices.client.MockWebServiceServerTestExecutionListener@4c81e7c2]
2021-08-29 22:33:13 INFO [main] - [nghiem.learning.web.DashboardServerApplicationTests]: Starting DashboardServerApplicationTests using Java 11.0.2 on LAPTOP-CPAQT9ER with PID 10848 (started by Nghiem in D:\projects\spring_learning\dashboard\dashboard-server)
2021-08-29 22:33:13 INFO [main] - [nghiem.learning.web.DashboardServerApplicationTests]: No active profile set, falling back to default profiles: default
2021-08-29 22:33:13 INFO [main] - [org.springframework.data.repository.config.RepositoryConfigurationDelegate]: Bootstrapping Spring Data JPA repositories in DEFAULT mode.
2021-08-29 22:33:13 INFO [main] - [org.springframework.data.repository.config.RepositoryConfigurationDelegate]: Finished Spring Data repository scanning in 10 ms. Found 1 JPA repository interfaces.
2021-08-29 22:33:13 INFO [main] - [org.hibernate.jpa.internal.util.LogHelper]: HHH000204: Processing PersistenceUnitInfo [name: default]
2021-08-29 22:33:13 INFO [main] - [com.zaxxer.hikari.HikariDataSource]: HikariPool-2 - Starting...
2021-08-29 22:33:13 INFO [main] - [com.zaxxer.hikari.HikariDataSource]: HikariPool-2 - Start completed.
2021-08-29 22:33:13 INFO [main] - [org.hibernate.dialect.Dialect]: HHH000400: Using dialect: org.hibernate.dialect.MariaDB103Dialect
2021-08-29 22:33:13 INFO [main] - [org.hibernate.engine.transaction.jta.platform.internal.JtaPlatformInitiator]: HHH000490: Using JtaPlatform implementation: [org.hibernate.engine.transaction.jta.platform.internal.NoJtaPlatform]
2021-08-29 22:33:13 INFO [main] - [org.springframework.orm.jpa.LocalContainerEntityManagerFactoryBean]: Initialized JPA EntityManagerFactory for persistence unit 'default'
2021-08-29 22:33:13 WARN [main] - [org.springframework.boot.autoconfigure.orm.jpa.JpaBaseConfiguration$JpaWebConfiguration]: spring.jpa.open-in-view is enabled by default. Therefore, database queries may be performed during view rendering. Explicitly configure spring.jpa.open-in-view to disable this warning
2021-08-29 22:33:14 INFO [main] - [nghiem.learning.web.DashboardServerApplicationTests]: Started DashboardServerApplicationTests in 1.063 seconds (JVM running for 9.387)
2021-08-29 22:33:14 INFO [main] - [org.springframework.boot.test.context.SpringBootTestContextBootstrapper]: Neither @ContextConfiguration nor @ContextHierarchy found for test class [nghiem.learning.web.service.EmployeeBasicCrudServiceTest], using SpringBootContextLoader
2021-08-29 22:33:14 INFO [main] - [org.springframework.test.context.support.AbstractContextLoader]: Could not detect default resource locations for test class [nghiem.learning.web.service.EmployeeBasicCrudServiceTest]: no resource found for suffixes {-context.xml, Context.groovy}.
2021-08-29 22:33:14 INFO [main] - [org.springframework.test.context.support.AnnotationConfigContextLoaderUtils]: Could not detect default configuration classes for test class [nghiem.learning.web.service.EmployeeBasicCrudServiceTest]: EmployeeBasicCrudServiceTest does not declare any static, non-private, non-final, nested classes annotated with @Configuration.
2021-08-29 22:33:14 INFO [main] - [org.springframework.boot.test.context.SpringBootTestContextBootstrapper]: Found @SpringBootConfiguration nghiem.learning.web.DashboardServerApplication for test class nghiem.learning.web.service.EmployeeBasicCrudServiceTest
2021-08-29 22:33:14 INFO [main] - [org.springframework.boot.test.context.SpringBootTestContextBootstrapper]: Loaded default TestExecutionListener class names from location [META-INF/spring.factories]: [org.springframework.boot.test.mock.mockito.MockitoTestExecutionListener, org.springframework.boot.test.mock.mockito.ResetMocksTestExecutionListener, org.springframework.boot.test.autoconfigure.restdocs.RestDocsTestExecutionListener, org.springframework.boot.test.autoconfigure.web.client.MockRestServiceServerResetTestExecutionListener, org.springframework.boot.test.autoconfigure.web.servlet.MockMvcPrintOnlyOnFailureTestExecutionListener, org.springframework.boot.test.autoconfigure.web.servlet.WebDriverTestExecutionListener, org.springframework.boot.test.autoconfigure.webservices.client.MockWebServiceServerTestExecutionListener, org.springframework.test.context.web.ServletTestExecutionListener, org.springframework.test.context.support.DirtiesContextBeforeModesTestExecutionListener, org.springframework.test.context.event.ApplicationEventsTestExecutionListener, org.springframework.test.context.support.DependencyInjectionTestExecutionListener, org.springframework.test.context.support.DirtiesContextTestExecutionListener, org.springframework.test.context.transaction.TransactionalTestExecutionListener, org.springframework.test.context.jdbc.SqlScriptsTestExecutionListener, org.springframework.test.context.event.EventPublishingTestExecutionListener]
2021-08-29 22:33:14 INFO [main] - [org.springframework.boot.test.context.SpringBootTestContextBootstrapper]: Using TestExecutionListeners: [org.springframework.test.context.web.ServletTestExecutionListener@19bad88, org.springframework.test.context.support.DirtiesContextBeforeModesTestExecutionListener@2226fd2b, org.springframework.test.context.event.ApplicationEventsTestExecutionListener@1488d1c, org.springframework.boot.test.mock.mockito.MockitoTestExecutionListener@b21cbbf, org.springframework.boot.test.autoconfigure.SpringBootDependencyInjectionTestExecutionListener@578ac0be, org.springframework.test.context.support.DirtiesContextTestExecutionListener@4250b0c1, org.springframework.test.context.transaction.TransactionalTestExecutionListener@7b5e5fa, org.springframework.test.context.jdbc.SqlScriptsTestExecutionListener@24caa80, org.springframework.test.context.event.EventPublishingTestExecutionListener@3420547, org.springframework.boot.test.mock.mockito.ResetMocksTestExecutionListener@44d36b56, org.springframework.boot.test.autoconfigure.restdocs.RestDocsTestExecutionListener@6ce1cc03, org.springframework.boot.test.autoconfigure.web.client.MockRestServiceServerResetTestExecutionListener@b1e63b5, org.springframework.boot.test.autoconfigure.web.servlet.MockMvcPrintOnlyOnFailureTestExecutionListener@186537ac, org.springframework.boot.test.autoconfigure.web.servlet.WebDriverTestExecutionListener@4733662d, org.springframework.boot.test.autoconfigure.webservices.client.MockWebServiceServerTestExecutionListener@25502b1c]
2021-08-29 22:33:14 INFO [main] - [nghiem.learning.web.service.EmployeeBasicCrudServiceImpl]: Found 0 employee from DB
2021-08-29 22:33:14 INFO [main] - [nghiem.learning.web.service.EmployeeBasicCrudServiceImpl]: Found 2 employee from DB
2021-08-29 22:33:14 INFO [SpringApplicationShutdownHook] - [org.springframework.orm.jpa.LocalContainerEntityManagerFactoryBean]: Closing JPA EntityManagerFactory for persistence unit 'default'
2021-08-29 22:33:14 INFO [SpringApplicationShutdownHook] - [com.zaxxer.hikari.HikariDataSource]: HikariPool-1 - Shutdown initiated...
2021-08-29 22:33:14 INFO [SpringApplicationShutdownHook] - [com.zaxxer.hikari.HikariDataSource]: HikariPool-1 - Shutdown completed.
2021-08-29 22:33:14 INFO [SpringApplicationShutdownHook] - [org.springframework.orm.jpa.LocalContainerEntityManagerFactoryBean]: Closing JPA EntityManagerFactory for persistence unit 'default'
2021-08-29 22:33:14 INFO [SpringApplicationShutdownHook] - [com.zaxxer.hikari.HikariDataSource]: HikariPool-2 - Shutdown initiated...
2021-08-29 22:33:14 INFO [SpringApplicationShutdownHook] - [com.zaxxer.hikari.HikariDataSource]: HikariPool-2 - Shutdown completed.
2021-08-29 22:35:03 INFO [main] - [nghiem.learning.web.DashboardServerApplication] - Starting DashboardServerApplication using Java 11.0.2 on LAPTOP-CPAQT9ER with PID 20540 (D:\projects\spring_learning\dashboard\dashboard-server\target\classes started by Nghiem in D:\projects\spring_learning\dashboard\dashboard-server)
2021-08-29 22:35:03 INFO [main] - [nghiem.learning.web.DashboardServerApplication] - No active profile set, falling back to default profiles: default
2021-08-29 22:35:04 INFO [main] - [org.springframework.data.repository.config.RepositoryConfigurationDelegate] - Bootstrapping Spring Data JPA repositories in DEFAULT mode.
2021-08-29 22:35:05 INFO [main] - [org.springframework.data.repository.config.RepositoryConfigurationDelegate] - Finished Spring Data repository scanning in 76 ms. Found 1 JPA repository interfaces.
2021-08-29 22:35:06 INFO [main] - [org.springframework.boot.web.embedded.tomcat.TomcatWebServer] - Tomcat initialized with port(s): 8080 (http)
2021-08-29 22:35:06 INFO [main] - [org.apache.coyote.http11.Http11NioProtocol] - Initializing ProtocolHandler ["http-nio-8080"]
2021-08-29 22:35:06 INFO [main] - [org.apache.catalina.core.StandardService] - Starting service [Tomcat]
2021-08-29 22:35:06 INFO [main] - [org.apache.catalina.core.StandardEngine] - Starting Servlet engine: [Apache Tomcat/9.0.52]
2021-08-29 22:35:06 INFO [main] - [org.apache.catalina.core.ContainerBase.[Tomcat].[localhost].[/]] - Initializing Spring embedded WebApplicationContext
2021-08-29 22:35:06 INFO [main] - [org.springframework.boot.web.servlet.context.ServletWebServerApplicationContext] - Root WebApplicationContext: initialization completed in 2611 ms
2021-08-29 22:35:06 INFO [main] - [org.hibernate.jpa.internal.util.LogHelper] - HHH000204: Processing PersistenceUnitInfo [name: default]
2021-08-29 22:35:06 INFO [main] - [org.hibernate.Version] - HHH000412: Hibernate ORM core version 5.4.32.Final
2021-08-29 22:35:07 INFO [main] - [org.hibernate.annotations.common.Version] - HCANN000001: Hibernate Commons Annotations {5.1.2.Final}
2021-08-29 22:35:07 INFO [main] - [com.zaxxer.hikari.HikariDataSource] - HikariPool-1 - Starting...
2021-08-29 22:35:07 INFO [main] - [com.zaxxer.hikari.HikariDataSource] - HikariPool-1 - Start completed.
2021-08-29 22:35:07 INFO [main] - [org.hibernate.dialect.Dialect] - HHH000400: Using dialect: org.hibernate.dialect.MariaDB103Dialect
2021-08-29 22:35:08 INFO [main] - [org.hibernate.engine.transaction.jta.platform.internal.JtaPlatformInitiator] - HHH000490: Using JtaPlatform implementation: [org.hibernate.engine.transaction.jta.platform.internal.NoJtaPlatform]
2021-08-29 22:35:08 INFO [main] - [org.springframework.orm.jpa.LocalContainerEntityManagerFactoryBean] - Initialized JPA EntityManagerFactory for persistence unit 'default'
2021-08-29 22:35:09 WARN [main] - [org.springframework.boot.autoconfigure.orm.jpa.JpaBaseConfiguration$JpaWebConfiguration] - spring.jpa.open-in-view is enabled by default. Therefore, database queries may be performed during view rendering. Explicitly configure spring.jpa.open-in-view to disable this warning
2021-08-29 22:35:09 INFO [main] - [org.apache.coyote.http11.Http11NioProtocol] - Starting ProtocolHandler ["http-nio-8080"]
2021-08-29 22:35:09 INFO [main] - [org.springframework.boot.web.embedded.tomcat.TomcatWebServer] - Tomcat started on port(s): 8080 (http) with context path ''
2021-08-29 22:35:09 INFO [main] - [nghiem.learning.web.DashboardServerApplication] - Started DashboardServerApplication in 6.909 seconds (JVM running for 8.837)
2021-08-29 22:35:12 INFO [http-nio-8080-exec-1] - [org.apache.catalina.core.ContainerBase.[Tomcat].[localhost].[/]] - Initializing Spring DispatcherServlet 'dispatcherServlet'
2021-08-29 22:35:12 INFO [http-nio-8080-exec-1] - [org.springframework.web.servlet.DispatcherServlet] - Initializing Servlet 'dispatcherServlet'
2021-08-29 22:35:12 INFO [http-nio-8080-exec-1] - [org.springframework.web.servlet.DispatcherServlet] - Completed initialization in 3 ms
2021-08-29 22:35:13 INFO [http-nio-8080-exec-1] - [nghiem.learning.web.service.EmployeeBasicCrudServiceImpl] - Found 2 employee from DB
2021-08-29 22:36:00 INFO [http-nio-8080-exec-3] - [nghiem.learning.web.service.EmployeeBasicCrudServiceImpl] - Found 2 employee from DB
2021-08-29 22:36:22 INFO [RMI TCP Connection(9)-127.0.0.1] - [org.springframework.boot.admin.SpringApplicationAdminMXBeanRegistrar$SpringApplicationAdmin] - Application shutdown requested.
2021-08-29 22:36:23 INFO [RMI TCP Connection(9)-127.0.0.1] - [org.springframework.orm.jpa.LocalContainerEntityManagerFactoryBean] - Closing JPA EntityManagerFactory for persistence unit 'default'
2021-08-29 22:36:23 INFO [RMI TCP Connection(9)-127.0.0.1] - [com.zaxxer.hikari.HikariDataSource] - HikariPool-1 - Shutdown initiated...
2021-08-29 22:36:23 INFO [RMI TCP Connection(9)-127.0.0.1] - [com.zaxxer.hikari.HikariDataSource] - HikariPool-1 - Shutdown completed.
